1732692109 -4.30667
1732695709 -1.97333
1732699309 0.36000
1732702909 -0.30667
1732706509 -0.97333
1732710109 -1.64000
1732713709 -2.30667
1732717309 -2.97333
1732720909 -3.64000
1732724509 -4.97333
1732728109 -6.30667
1732731709 -7.64000
1732735309 -8.97333
1732738909 -10.30667
1732742509 -11.93000
1732746109 -12.26333
1732749709 -12.59667
1732753309 -12.93000
1732756909 -13.26333
1732760509 -13.59667
1732764109 -13.93000
1732767709 -11.59667
1732771309 -9.26333
1732774909 -6.93000
1732778509 -4.59667
1732782109 -2.26333
1732785709 0.07000
1732789309 -0.59667
1732792909 -1.26333
1732796509 -1.93000
1732800109 -2.59667
1732803709 -3.26333
1732807309 -3.93000
1732810909 -5.26333
1732814509 -6.59667
1732818109 -7.93000
1732821709 -9.26333
1732825309 -10.59667
1732828909 -12.22000
1732832509 -12.55333
1732836109 -12.88667
1732839709 -13.22000
1732843309 -13.55333
1732846909 -13.88667
1732850509 -14.22000
1732854109 -11.88667
1732857709 -9.55333
1732861309 -7.22000
1732864909 -4.88667
1732868509 -2.55333
1732872109 -0.22000
1732875709 -0.88667
1732879309 -1.55333
1732882909 -2.22000
1732886509 -2.88667
1732890109 -3.55333
1732893709 -4.22000
1732897309 -5.55333
1732900909 -6.88667
1732904509 -8.22000
1732908109 -9.55333
1732911709 -10.88667
1732915309 -12.51000
1732918909 -12.84333
1732922509 -13.17667
1732926109 -13.51000
1732929709 -13.84333
1732933309 -14.17667
1732936909 -14.51000
1732940509 -12.17667
1732944109 -9.84333
1732947709 -7.51000
1732951309 -5.17667
1732954909 -2.84333
1732958509 -0.51000
1732962109 -1.17667
1732965709 -1.84333
1732969309 -2.51000
1732972909 -3.17667
1732976509 -3.84333
1732980109 -4.51000
1732983709 -5.84333
1732987309 -7.17667
1732990909 -8.51000
1732994509 -9.84333
1732998109 -11.17667
1733001709 -12.80000
1733005309 -13.13333
1733008909 -13.46667
1733012509 -13.80000
1733016109 -14.13333
1733019709 -14.46667
1733023309 -14.80000
1733026909 -12.46667
1733030509 -10.13333
1733034109 -7.80000
1733037709 -5.46667
1733041309 -3.13333
1733044909 -0.80000
1733048509 -1.46667
1733052109 -2.13333
1733055709 -2.80000
1733059309 -3.46667
1733062909 -4.13333
1733066509 -4.80000
1733070109 -6.13333
1733073709 -7.46667
1733077309 -8.80000
1733080909 -10.13333
1733084509 -11.46667
1733088109 -12.89032
1733091709 -13.22366
1733095309 -13.55699
1733098909 -13.89032
1733102509 -14.22366
1733106109 -14.55699
1733109709 -14.89032
1733113309 -12.55699
1733116909 -10.22366
1733120509 -7.89032
1733124109 -5.55699
1733127709 -3.22366
1733131309 -0.89032
1733134909 -1.55699
1733138509 -2.22366
1733142109 -2.89032
1733145709 -3.55699
1733149309 -4.22366
1733152909 -4.89032
1733156509 -6.22366
1733160109 -7.55699
1733163709 -8.89032
1733167309 -10.22366
1733170909 -11.55699
1733174509 -12.98065
1733178109 -13.31398
1733181709 -13.64731
1733185309 -13.98065
1733188909 -14.31398
1733192509 -14.64731
1733196109 -14.98065
1733199709 -12.64731
1733203309 -10.31398
1733206909 -7.98065
1733210509 -5.64731
1733214109 -3.31398
1733217709 -0.98065
1733221309 -1.64731
1733224909 -2.31398
1733228509 -2.98065
1733232109 -3.64731
1733235709 -4.31398
1733239309 -4.98065
1733242909 -6.31398
1733246509 -7.64731
1733250109 -8.98065
1733253709 -10.31398
1733257309 -11.64731
1733260909 -13.07097
1733264509 -13.40430
1733268109 -13.73763
1733271709 -14.07097
1733275309 -14.40430
1733278909 -14.73763
1733282509 -15.07097
1733286109 -12.73763
1733289709 -10.40430
1733293309 -8.07097
1733296909 -5.73763
1733300509 -3.40430
1733304109 -1.07097
1733307709 -1.73763
1733311309 -2.40430
1733314909 -3.07097
1733318509 -3.73763
1733322109 -4.40430
1733325709 -5.07097
1733329309 -6.40430
1733332909 -7.73763
1733336509 -9.07097
1733340109 -10.40430
1733343709 -11.73763
1733347309 -13.16129
1733350909 -13.49462
1733354509 -13.82796
1733358109 -14.16129
1733361709 -14.49462
1733365309 -14.82796
1733368909 -15.16129
1733372509 -12.82796
1733376109 -10.49462
1733379709 -8.16129
1733383309 -5.82796
1733386909 -3.49462
1733390509 -1.16129
1733394109 -1.82796
1733397709 -2.49462
1733401309 -3.16129
1733404909 -3.82796
1733408509 -4.49462
1733412109 -5.16129
1733415709 -6.49462
1733419309 -7.82796
1733422909 -9.16129
1733426509 -10.49462
1733430109 -11.82796
1733433709 -13.25161
1733437309 -13.58495
1733440909 -13.91828
1733444509 -14.25161
1733448109 -14.58495
1733451709 -14.91828
1733455309 -15.25161
1733458909 -12.91828
1733462509 -10.58495
1733466109 -8.25161
1733469709 -5.91828
1733473309 -3.58495
1733476909 -1.25161
1733480509 -1.91828
1733484109 -2.58495
1733487709 -3.25161
1733491309 -3.91828
1733494909 -4.58495
1733498509 -5.25161
1733502109 -6.58495
1733505709 -7.91828
1733509309 -9.25161
1733512909 -10.58495
1733516509 -11.91828
1733520109 -13.34194
1733523709 -13.67527
1733527309 -14.00860
1733530909 -14.34194
1733534509 -14.67527
1733538109 -15.00860
1733541709 -15.34194
1733545309 -13.00860
1733548909 -10.67527
1733552509 -8.34194
1733556109 -6.00860
1733559709 -3.67527
1733563309 -1.34194
1733566909 -2.00860
1733570509 -2.67527
1733574109 -3.34194
1733577709 -4.00860
1733581309 -4.67527
1733584909 -5.34194
1733588509 -6.67527
1733592109 -8.00860
1733595709 -9.34194
1733599309 -10.67527
1733602909 -12.00860
1733606509 -13.43226
1733610109 -13.76559
1733613709 -14.09892
1733617309 -14.43226
1733620909 -14.76559
1733624509 -15.09892
1733628109 -15.43226
1733631709 -13.09892
1733635309 -10.76559
1733638909 -8.43226
1733642509 -6.09892
1733646109 -3.76559
1733649709 -1.43226
1733653309 -2.09892
1733656909 -2.76559
1733660509 -3.43226
1733664109 -4.09892
1733667709 -4.76559
1733671309 -5.43226
1733674909 -6.76559
1733678509 -8.09892
1733682109 -9.43226
1733685709 -10.76559
1733689309 -12.09892
1733692909 -13.52258
1733696509 -13.85591
1733700109 -14.18925
1733703709 -14.52258
1733707309 -14.85591
1733710909 -15.18925
1733714509 -15.52258
1733718109 -13.18925
1733721709 -10.85591
1733725309 -8.52258
1733728909 -6.18925
1733732509 -3.85591
1733736109 -1.52258
1733739709 -2.18925
1733743309 -2.85591
1733746909 -3.52258
1733750509 -4.18925
1733754109 -4.85591
1733757709 -5.52258
1733761309 -6.85591
1733764909 -8.18925
1733768509 -9.52258
1733772109 -10.85591
1733775709 -12.18925
1733779309 -13.61290
1733782909 -13.94624
1733786509 -14.27957
1733790109 -14.61290
1733793709 -14.94624
1733797309 -15.27957
1733800909 -15.61290
1733804509 -13.27957
1733808109 -10.94624
1733811709 -8.61290
1733815309 -6.27957
1733818909 -3.94624
1733822509 -1.61290
1733826109 -2.27957
1733829709 -2.94624
1733833309 -3.61290
1733836909 -4.27957
1733840509 -4.94624
1733844109 -5.61290
1733847709 -6.94624
1733851309 -8.27957
1733854909 -9.61290
1733858509 -10.94624
1733862109 -12.27957
1733865709 -13.70323
1733869309 -14.03656
1733872909 -14.36989
1733876509 -14.70323
1733880109 -15.03656
1733883709 -15.36989
1733887309 -15.70323
1733890909 -13.36989
1733894509 -11.03656
1733898109 -8.70323
1733901709 -6.36989
1733905309 -4.03656
1733908909 -1.70323
1733912509 -2.36989
1733916109 -3.03656
1733919709 -3.70323
1733923309 -4.36989
1733926909 -5.03656
1733930509 -5.70323
1733934109 -7.03656
1733937709 -8.36989
1733941309 -9.70323
1733944909 -11.03656
1733948509 -12.36989
1733952109 -13.79355
1733955709 -14.12688
1733959309 -14.46022
1733962909 -14.79355
1733966509 -15.12688
1733970109 -15.46022
1733973709 -15.79355
1733977309 -13.46022
1733980909 -11.12688
1733984509 -8.79355
1733988109 -6.46022
1733991709 -4.12688
1733995309 -1.79355
1733998909 -2.46022
1734002509 -3.12688
1734006109 -3.79355
1734009709 -4.46022
1734013309 -5.12688
1734016909 -5.79355
1734020509 -7.12688
1734024109 -8.46022
1734027709 -9.79355
1734031309 -11.12688
1734034909 -12.46022
1734038509 -13.88387
1734042109 -14.21720
1734045709 -14.55054
1734049309 -14.88387
1734052909 -15.21720
1734056509 -15.55054
1734060109 -15.88387
1734063709 -13.55054
1734067309 -11.21720
1734070909 -8.88387
1734074509 -6.55054
1734078109 -4.21720
1734081709 -1.88387
1734085309 -2.55054
1734088909 -3.21720
1734092509 -3.88387
1734096109 -4.55054
1734099709 -5.21720
1734103309 -5.88387
1734106909 -7.21720
1734110509 -8.55054
1734114109 -9.88387
1734117709 -11.21720
1734121309 -12.55054
1734124909 -13.97419
1734128509 -14.30753
1734132109 -14.64086
1734135709 -14.97419
1734139309 -15.30753
1734142909 -15.64086
1734146509 -15.97419
1734150109 -13.64086
1734153709 -11.30753
1734157309 -8.97419
1734160909 -6.64086
1734164509 -4.30753
1734168109 -1.97419
1734171709 -2.64086
1734175309 -3.30753
1734178909 -3.97419
1734182509 -4.64086
1734186109 -5.30753
1734189709 -5.97419
1734193309 -7.30753
1734196909 -8.64086
1734200509 -9.97419
1734204109 -11.30753
1734207709 -12.64086
1734211309 -14.06452
1734214909 -14.39785
1734218509 -14.73118
1734222109 -15.06452
1734225709 -15.39785
1734229309 -15.73118
1734232909 -16.06452
1734236509 -13.73118
1734240109 -11.39785
1734243709 -9.06452
1734247309 -6.73118
1734250909 -4.39785
1734254509 -2.06452
1734258109 -2.73118
1734261709 -3.39785
1734265309 -4.06452
1734268909 -4.73118
1734272509 -5.39785
1734276109 -6.06452
1734279709 -7.39785
1734283309 -8.73118
1734286909 -10.06452
1734290509 -11.39785
1734294109 -12.73118
1734297709 -14.15484
1734301309 -14.48817
1734304909 -14.82151
1734308509 -15.15484
1734312109 -15.48817
1734315709 -15.82151
1734319309 -16.15484
1734322909 -13.82151
1734326509 -11.48817
1734330109 -9.15484
1734333709 -6.82151
1734337309 -4.48817
1734340909 -2.15484
1734344509 -2.82151
1734348109 -3.48817
1734351709 -4.15484
1734355309 -4.82151
1734358909 -5.48817
1734362509 -6.15484
1734366109 -7.48817
1734369709 -8.82151
1734373309 -10.15484
1734376909 -11.48817
1734380509 -12.82151
1734384109 -14.24516
1734387709 -14.57849
1734391309 -14.91183
1734394909 -15.24516
1734398509 -15.57849
1734402109 -15.91183
1734405709 -16.24516
1734409309 -13.91183
1734412909 -11.57849
1734416509 -9.24516
1734420109 -6.91183
1734423709 -4.57849
1734427309 -2.24516
1734430909 -2.91183
1734434509 -3.57849
1734438109 -4.24516
1734441709 -4.91183
1734445309 -5.57849
1734448909 -6.24516
1734452509 -7.57849
1734456109 -8.91183
1734459709 -10.24516
1734463309 -11.57849
1734466909 -12.91183
1734470509 -14.33548
1734474109 -14.66882
1734477709 -15.00215
1734481309 -15.33548
1734484909 -15.66882
1734488509 -16.00215
1734492109 -16.33548
1734495709 -14.00215
1734499309 -11.66882
1734502909 -9.33548
1734506509 -7.00215
1734510109 -4.66882
1734513709 -2.33548
1734517309 -3.00215
1734520909 -3.66882
1734524509 -4.33548
1734528109 -5.00215
1734531709 -5.66882
1734535309 -6.33548
1734538909 -7.66882
1734542509 -9.00215
1734546109 -10.33548
1734549709 -11.66882
1734553309 -13.00215
1734556909 -14.42581
1734560509 -14.75914
1734564109 -15.09247
1734567709 -15.42581
1734571309 -15.75914
1734574909 -16.09247
1734578509 -16.42581
1734582109 -14.09247
1734585709 -11.75914
1734589309 -9.42581
1734592909 -7.09247
1734596509 -4.75914
1734600109 -2.42581
1734603709 -3.09247
1734607309 -3.75914
1734610909 -4.42581
1734614509 -5.09247
1734618109 -5.75914
1734621709 -6.42581
1734625309 -7.75914
1734628909 -9.09247
1734632509 -10.42581
1734636109 -11.75914
1734639709 -13.09247
1734643309 -14.51613
1734646909 -14.84946
1734650509 -15.18280
1734654109 -15.51613
1734657709 -15.84946
1734661309 -16.18280
1734664909 -16.51613
1734668509 -14.18280
1734672109 -11.84946
1734675709 -9.51613
1734679309 -7.18280
1734682909 -4.84946
1734686509 -2.51613
1734690109 -3.18280
1734693709 -3.84946
1734697309 -4.51613
1734700909 -5.18280
1734704509 -5.84946
1734708109 -6.51613
1734711709 -7.84946
1734715309 -9.18280
1734718909 -10.51613
1734722509 -11.84946
1734726109 -13.18280
1734729709 -14.60645
1734733309 -14.93978
1734736909 -15.27312
1734740509 -15.60645
1734744109 -15.93978
1734747709 -16.27312
1734751309 -16.60645
1734754909 -14.27312
1734758509 -11.93978
1734762109 -9.60645
1734765709 -7.27312
1734769309 -4.93978
1734772909 -2.60645
1734776509 -3.27312
1734780109 -3.93978
1734783709 -4.60645
1734787309 -5.27312
1734790909 -5.93978
1734794509 -6.60645
1734798109 -7.93978
1734801709 -9.27312
1734805309 -10.60645
1734808909 -11.93978
1734812509 -13.27312
1734816109 -14.69677
1734819709 -15.03011
1734823309 -15.36344
1734826909 -15.69677
1734830509 -16.03011
1734834109 -16.36344
1734837709 -16.69677
1734841309 -14.36344
1734844909 -12.03011
1734848509 -9.69677
1734852109 -7.36344
1734855709 -5.03011
1734859309 -2.69677
1734862909 -3.36344
1734866509 -4.03011
1734870109 -4.69677
1734873709 -5.36344
1734877309 -6.03011
1734880909 -6.69677
1734884509 -8.03011
1734888109 -9.36344
1734891709 -10.69677
1734895309 -12.03011
1734898909 -13.36344
1734902509 -14.78710
1734906109 -15.12043
1734909709 -15.45376
1734913309 -15.78710
1734916909 -16.12043
1734920509 -16.45376
1734924109 -16.78710
1734927709 -14.45376
1734931309 -12.12043
1734934909 -9.78710
1734938509 -7.45376
1734942109 -5.12043
1734945709 -2.78710
1734949309 -3.45376
1734952909 -4.12043
1734956509 -4.78710
1734960109 -5.45376
1734963709 -6.12043
1734967309 -6.78710
1734970909 -8.12043
1734974509 -9.45376
1734978109 -10.78710
1734981709 -12.12043
1734985309 -13.45376
1734988909 -14.87742
1734992509 -15.21075
1734996109 -15.54409
1734999709 -15.87742
1735003309 -16.21075
1735006909 -16.54409
1735010509 -16.87742
1735014109 -14.54409
1735017709 -12.21075
1735021309 -9.87742
1735024909 -7.54409
1735028509 -5.21075
1735032109 -2.87742
1735035709 -3.54409
1735039309 -4.21075
1735042909 -4.87742
1735046509 -5.54409
1735050109 -6.21075
1735053709 -6.87742
1735057309 -8.21075
1735060909 -9.54409
1735064509 -10.87742
1735068109 -12.21075
1735071709 -13.54409
1735075309 -14.96774
1735078909 -15.30108
1735082509 -15.63441
1735086109 -15.96774
1735089709 -16.30108
1735093309 -16.63441
1735096909 -16.96774
1735100509 -14.63441
1735104109 -12.30108
1735107709 -9.96774
1735111309 -7.63441
1735114909 -5.30108
1735118509 -2.96774
1735122109 -3.63441
1735125709 -4.30108
1735129309 -4.96774
1735132909 -5.63441
1735136509 -6.30108
1735140109 -6.96774
1735143709 -8.30108
1735147309 -9.63441
1735150909 -10.96774
1735154509 -12.30108
1735158109 -13.63441
1735161709 -15.05806
1735165309 -15.39140
1735168909 -15.72473
1735172509 -16.05806
1735176109 -16.39140
1735179709 -16.72473
1735183309 -17.05806
1735186909 -14.72473
1735190509 -12.39140
1735194109 -10.05806
1735197709 -7.72473
1735201309 -5.39140
1735204909 -3.05806
1735208509 -3.72473
1735212109 -4.39140
1735215709 -5.05806
1735219309 -5.72473
1735222909 -6.39140
1735226509 -7.05806
1735230109 -8.39140
1735233709 -9.72473
1735237309 -11.05806
1735240909 -12.39140
1735244509 -13.72473
1735248109 -15.14839
1735251709 -15.48172
1735255309 -15.81505
1735258909 -16.14839
1735262509 -16.48172
1735266109 -16.81505
1735269709 -17.14839
1735273309 -14.81505
1735276909 -12.48172
1735280509 -10.14839
