1703661709 -11.14839
1703748109 -11.23871
1703834509 -11.32903
1703920909 -11.41935
1704007309 -11.50968
1704093709 -11.60000
1704180109 -11.47097
1704266509 -11.34194
1704352909 -11.21290
1704439309 -11.08387
1704525709 -10.95484
1704612109 -10.82581
1704698509 -10.69677
1704784909 -10.56774
1704871309 -10.43871
1704957709 -10.30968
1705044109 -10.18065
1705130509 -10.05161
1705216909 -9.92258
1705303309 -9.79355
1705389709 -9.66452
1705476109 -9.53548
1705562509 -9.40645
1705648909 -9.27742
1705735309 -9.14839
1705821709 -9.01935
1705908109 -8.89032
1705994509 -8.76129
1706080909 -8.63226
1706167309 -8.50323
1706253709 -8.37419
1706340109 -8.24516
1706426509 -8.11613
1706512909 -7.98710
1706599309 -7.85806
1706685709 -7.72903
1706772109 -7.60000
1706858509 -7.37241
1706944909 -7.14483
1707031309 -6.91724
1707117709 -6.68966
1707204109 -6.46207
1707290509 -6.23448
1707376909 -6.00690
1707463309 -5.77931
1707549709 -5.55172
1707636109 -5.32414
1707722509 -5.09655
1707808909 -4.86897
1707895309 -4.64138
1707981709 -4.41379
1708068109 -4.18621
1708154509 -3.95862
1708240909 -3.73103
1708327309 -3.50345
1708413709 -3.27586
1708500109 -3.04828
1708586509 -2.82069
1708672909 -2.59310
1708759309 -2.36552
1708845709 -2.13793
1708932109 -1.91034
1709018509 -1.68276
1709104909 -1.45517
1709191309 -1.22759
1709277709 -1.00000
1709364109 -0.77419
1709450509 -0.54839
1709536909 -0.32258
1709623309 -0.09677
1709709709 0.12903
1709796109 0.35484
1709882509 0.58065
1709968909 0.80645
1710055309 1.03226
1710141709 1.25806
1710228109 1.48387
1710314509 1.70968
1710400909 1.93548
1710487309 2.16129
1710573709 2.38710
1710660109 2.61290
1710746509 2.83871
1710832909 3.06452
1710919309 3.29032
1711005709 3.51613
1711092109 3.74194
1711178509 3.96774
1711264909 4.19355
1711351309 4.41935
1711437709 4.64516
1711524109 4.87097
1711610509 5.09677
1711696909 5.32258
1711783309 5.54839
1711869709 5.77419
1711956109 6.00000
1712042509 6.15667
1712128909 6.31333
1712215309 6.47000
1712301709 6.62667
1712388109 6.78333
1712474509 6.94000
1712560909 7.09667
1712647309 7.25333
1712733709 7.41000
1712820109 7.56667
1712906509 7.72333
1712992909 7.88000
1713079309 8.03667
1713165709 8.19333
1713252109 8.35000
1713338509 8.50667
1713424909 8.66333
1713511309 8.82000
1713597709 8.97667
1713684109 9.13333
1713770509 9.29000
1713856909 9.44667
1713943309 9.60333
1714029709 9.76000
1714116109 9.91667
1714202509 10.07333
1714288909 10.23000
1714375309 10.38667
1714461709 10.54333
1714548109 10.70000
1714634509 10.82258
1714720909 10.94516
1714807309 11.06774
1714893709 11.19032
1714980109 11.31290
1715066509 11.43548
1715152909 11.55806
1715239309 11.68065
1715325709 11.80323
1715412109 11.92581
1715498509 12.04839
1715584909 12.17097
1715671309 12.29355
1715757709 12.41613
1715844109 12.53871
1715930509 12.66129
1716016909 12.78387
1716103309 12.90645
1716189709 13.02903
1716276109 13.15161
1716362509 13.27419
1716448909 13.39677
1716535309 13.51935
1716621709 13.64194
1716708109 13.76452
1716794509 13.88710
1716880909 14.00968
1716967309 14.13226
1717053709 14.25484
1717140109 14.37742
1717226509 14.50000
1717312909 14.64333
1717399309 14.78667
1717485709 14.93000
1717572109 15.07333
1717658509 15.21667
1717744909 15.36000
1717831309 15.50333
1717917709 15.64667
1718004109 15.79000
1718090509 15.93333
1718176909 16.07667
1718263309 16.22000
1718349709 16.36333
1718436109 16.50667
1718522509 16.65000
1718608909 16.79333
1718695309 16.93667
1718781709 17.08000
1718868109 17.22333
1718954509 17.36667
1719040909 17.51000
1719127309 17.65333
1719213709 17.79667
1719300109 17.94000
1719386509 18.08333
1719472909 18.22667
1719559309 18.37000
1719645709 18.51333
1719732109 18.65667
1719818509 18.80000
1719904909 18.85806
1719991309 18.91613
1720077709 18.97419
1720164109 19.03226
1720250509 19.09032
1720336909 19.14839
1720423309 19.20645
1720509709 19.26452
1720596109 19.32258
1720682509 19.38065
1720768909 19.43871
1720855309 19.49677
1720941709 19.55484
1721028109 19.61290
1721114509 19.67097
1721200909 19.72903
1721287309 19.78710
1721373709 19.84516
1721460109 19.90323
1721546509 19.96129
1721632909 20.01935
1721719309 20.07742
1721805709 20.13548
1721892109 20.19355
1721978509 20.25161
1722064909 20.30968
1722151309 20.36774
1722237709 20.42581
1722324109 20.48387
1722410509 20.54194
1722496909 20.60000
1722583309 20.47419
1722669709 20.34839
1722756109 20.22258
1722842509 20.09677
1722928909 19.97097
1723015309 19.84516
1723101709 19.71935
1723188109 19.59355
1723274509 19.46774
1723360909 19.34194
1723447309 19.21613
1723533709 19.09032
1723620109 18.96452
1723706509 18.83871
1723792909 18.71290
1723879309 18.58710
1723965709 18.46129
1724052109 18.33548
1724138509 18.20968
1724224909 18.08387
1724311309 17.95806
1724397709 17.83226
1724484109 17.70645
1724570509 17.58065
1724656909 17.45484
1724743309 17.32903
1724829709 17.20323
1724916109 17.07742
1725002509 16.95161
1725088909 16.82581
1725175309 16.70000
1725261709 16.46333
1725348109 16.22667
1725434509 15.99000
1725520909 15.75333
1725607309 15.51667
1725693709 15.28000
1725780109 15.04333
1725866509 14.80667
1725952909 14.57000
1726039309 14.33333
1726125709 14.09667
1726212109 13.86000
1726298509 13.62333
1726384909 13.38667
1726471309 13.15000
1726557709 12.91333
1726644109 12.67667
1726730509 12.44000
1726816909 12.20333
1726903309 11.96667
1726989709 11.73000
1727076109 11.49333
1727162509 11.25667
1727248909 11.02000
1727335309 10.78333
1727421709 10.54667
1727508109 10.31000
1727594509 10.07333
1727680909 9.83667
1727767309 9.60000
1727853709 9.28710
1727940109 8.97419
1728026509 8.66129
1728112909 8.34839
1728199309 8.03548
1728285709 7.72258
1728372109 7.40968
1728458509 7.09677
1728544909 6.78387
1728631309 6.47097
1728717709 6.15806
1728804109 5.84516
1728890509 5.53226
1728976909 5.21935
1729063309 4.90645
1729149709 4.59355
1729236109 4.28065
1729322509 3.96774
1729408909 3.65484
1729495309 3.34194
1729581709 3.02903
1729668109 2.71613
1729754509 2.40323
1729840909 2.09032
1729927309 1.77742
1730013709 1.46452
1730100109 1.15161
1730186509 0.83871
1730272909 0.52581
1730359309 0.21290
1730445709 -0.10000
1730532109 -0.39000
1730618509 -0.68000
1730704909 -0.97000
1730791309 -1.26000
1730877709 -1.55000
1730964109 -1.84000
1731050509 -2.13000
1731136909 -2.42000
1731223309 -2.71000
1731309709 -3.00000
1731396109 -3.29000
1731482509 -3.58000
1731568909 -3.87000
1731655309 -4.16000
1731741709 -4.45000
1731828109 -4.74000
1731914509 -5.03000
1732000909 -5.32000
1732087309 -5.61000
1732173709 -5.90000
1732260109 -6.19000
1732346509 -6.48000
1732432909 -6.77000
1732519309 -7.06000
1732605709 -7.35000
1732692109 -7.64000
1732778509 -7.93000
1732864909 -8.22000
1732951309 -8.51000
1733037709 -8.80000
1733124109 -8.89032
1733210509 -8.98065
1733296909 -9.07097
1733383309 -9.16129
1733469709 -9.25161
1733556109 -9.34194
1733642509 -9.43226
1733728909 -9.52258
1733815309 -9.61290
1733901709 -9.70323
1733988109 -9.79355
1734074509 -9.88387
1734160909 -9.97419
1734247309 -10.06452
1734333709 -10.15484
1734420109 -10.24516
1734506509 -10.33548
1734592909 -10.42581
1734679309 -10.51613
1734765709 -10.60645
1734852109 -10.69677
1734938509 -10.78710
1735024909 -10.87742
1735111309 -10.96774
1735197709 -11.05806
